<?xml version="1.0" encoding="UTF-8"?>
<testsuite name="TestSuite" time="8.574" tests="2" errors="0" skipped="0" failures="2">
  <properties>
[...]
</properties>
  <testcase name="loginAsBankManager" classname="com.w2a.testCases.LoginTest" time="4.21">
    <failure message="Failing after  login test)" type="java.lang.AssertionError">java.lang.AssertionError: Failing after  login test)
	at org.testng.Assert.fail(Assert.java:99)
	at com.w2a.testCases.LoginTest.loginAsBankManager(LoginTest.java:29)
</failure>
    <system-out><![CDATA[executed final
]]></system-out>
    <system-err><![CDATA[log4j:WARN No appenders could be found for logger (devpinoyLogger).
log4j:WARN Please initialize the log4j system properly.
log4j:WARN See http://logging.apache.org/log4j/1.2/faq.html#noconfig for more info.
SLF4J: Failed to load class "org.slf4j.impl.StaticLoggerBinder".
SLF4J: Defaulting to no-operation (NOP) logger implementation
SLF4J: See http://www.slf4j.org/codes.html#StaticLoggerBinder for further details.
Starting ChromeDriver 90.0.4430.24 (4c6d850f087da467d926e8eddb76550aed655991-refs/branch-heads/4430@{#429}) on port 16821
Only local connections are allowed.
Please see https://chromedriver.chromium.org/security-considerations for suggestions on keeping ChromeDriver safe.
ChromeDriver was started successfully.
May 17, 2021 10:49:27 PM org.openqa.selenium.remote.ProtocolHandshake createSession
INFO: Detected dialect: W3C
]]></system-err>
  </testcase>
  <testcase name="AddUsers" classname="com.w2a.testCases.AddingUsersTest" time="4.364">
    <failure message="Failing after  Adding user test)" type="java.lang.AssertionError">java.lang.AssertionError: Failing after  Adding user test)
	at org.testng.Assert.fail(Assert.java:99)
	at com.w2a.testCases.AddingUsersTest.AddUsers(AddingUsersTest.java:37)
</failure>
    <system-out><![CDATA[data read is Venu
data read is Gopal
data read is 5a00072
data read is Customer added successfully
]]></system-out>
  </testcase>
</testsuite>