<?xml version="1.0" encoding="UTF-8"?>
<!-- Generated by org.testng.reporters.JUnitXMLReporter -->
<testsuite ignored="0" hostname="USHYDIVENUGOP06" failures="2" tests="2" name="Add Customer test" time="8.11" errors="0" timestamp="2021-05-16T13:23:54 IST">
  <testcase classname="com.w2a.testCases.AddingUsersTest" name="AddUsers" time="3.705">
    <failure type="java.lang.AssertionError" message="failing for screenshot">
      <![CDATA[java.lang.AssertionError: failing for screenshot
at com.w2a.testCases.AddingUsersTest.AddUsers(AddingUsersTest.java:36)
at java.base/java.util.ArrayList.forEach(ArrayList.java:1511)
... Removed 28 stack frames]]>
    </failure>
  </testcase> <!-- AddUsers -->
  <testcase classname="com.w2a.testCases.AddingUsersTest" name="AddUsers" time="3.427">
    <failure type="java.lang.AssertionError" message="failing for screenshot">
      <![CDATA[java.lang.AssertionError: failing for screenshot
at com.w2a.testCases.AddingUsersTest.AddUsers(AddingUsersTest.java:36)
at java.base/java.util.ArrayList.forEach(ArrayList.java:1511)
... Removed 28 stack frames]]>
    </failure>
  </testcase> <!-- AddUsers -->
</testsuite> <!-- Add Customer test -->
